<?xml version="1.0" encoding="UTF-8"?>
<testsuite name="com.prsnl.drawing.InputFilterTest" tests="2" skipped="0" failures="0" errors="0" timestamp="2026-08-22T23:36:21.272Z" hostname="Params-MacBook-Pro.local" time="0.004">
  <properties/>
  <testcase name="testPalmRejectionStateManagement" classname="com.prsnl.drawing.InputFilterTest" time="0.001"/>
  <testcase name="testPressureNormalization" classname="com.prsnl.drawing.InputFilterTest" time="0.003"/>
  <system-out><![CDATA[]]></system-out>
  <system-err><![CDATA[]]></system-err>
</testsuite>
