<?xml version="1.0" encoding="UTF-8"?>
<testsuite name="com.prsnl.storage.repository.NotebookRepositoryImplTest" tests="1" skipped="0" failures="0" errors="0" timestamp="2026-08-22T23:33:04.678Z" hostname="Params-MacBook-Pro.local" time="0.038">
  <properties/>
  <testcase name="testSavePageAutoInsertsParentNotebookIfMissing" classname="com.prsnl.storage.repository.NotebookRepositoryImplTest" time="0.038"/>
  <system-out><![CDATA[]]></system-out>
  <system-err><![CDATA[]]></system-err>
</testsuite>
