<?xml version="1.0" encoding="UTF-8"?>
<testsuite name="com.prsnl.drawing.ShapeRecognizerTest" tests="2" skipped="0" failures="0" errors="0" timestamp="2026-08-22T23:36:08.156Z" hostname="Params-MacBook-Pro.local" time="0.002">
  <properties/>
  <testcase name="testMessyScribbleRejection" classname="com.prsnl.drawing.ShapeRecognizerTest" time="0.0"/>
  <testcase name="testStraightLineRecognition" classname="com.prsnl.drawing.ShapeRecognizerTest" time="0.001"/>
  <system-out><![CDATA[]]></system-out>
  <system-err><![CDATA[]]></system-err>
</testsuite>
